<?xml version="1.0" encoding="UTF-8"?>
<testsuite name="uTest user registration" tests="1" skipped="0" failures="0" errors="0" timestamp="2021-10-18T23:57:50" hostname="EVGA-RICARDO" time="53.697">
  <properties/>
  <testcase name="A new user correctly register in uTest" classname="uTest user registration" time="53.697"/>
  <system-out><![CDATA[]]></system-out>
  <system-err><![CDATA[[Test worker] WARN net.thucydides.core.steps.BaseStepListener - stepStarted: net.thucydides.core.steps.ExecutedStepDescription@1a3478ea
[Test worker] WARN net.thucydides.core.steps.BaseStepListener - stepStarted: net.thucydides.core.steps.ExecutedStepDescription@1e2c44f9
[Test worker] WARN net.thucydides.core.steps.BaseStepListener - stepStarted: net.thucydides.core.steps.ExecutedStepDescription@27bf1dc5
oct. 18, 2021 6:57:51 P. M. org.openqa.selenium.remote.DesiredCapabilities chrome
INFO: Using `new ChromeOptions()` is preferred to `DesiredCapabilities.chrome()`
[Test worker] INFO net.serenitybdd.core.webdriver.driverproviders.ProvideNewDriver - Instantiating driver
[Test worker] INFO net.serenitybdd.core.webdriver.driverproviders.ProvideNewDriver - Driver capabilities: Capabilities {acceptInsecureCerts: false, browserName: chrome, chrome.switches: --start-maximized, goog:chromeOptions: {args: [--start-maximized], extensions: []}, loggingPrefs: org.openqa.selenium.logging..., platform: ANY, version: }
Starting ChromeDriver 94.0.4606.41 (333e85df3c9b656b518b5f1add5ff246365b6c24-refs/branch-heads/4606@{#845}) on port 31219
Only local connections are allowed.
Please see https://chromedriver.chromium.org/security-considerations for suggestions on keeping ChromeDriver safe.
ChromeDriver was started successfully.
oct. 18, 2021 6:57:53 P. M. org.openqa.selenium.remote.ProtocolHandshake createSession
INFO: Detected dialect: W3C
[Test worker] WARN net.thucydides.core.steps.BaseStepListener - stepFinished: current outcome:A new user correctly register in uTest:Given that the user is on the uTest singUp page [Ricardo open up utest [Ricardo opens the Utest home page]]
[Test worker] WARN net.thucydides.core.steps.BaseStepListener - stepStarted: net.thucydides.core.steps.ExecutedStepDescription@30addf1c
[Test worker] WARN net.thucydides.core.steps.BaseStepListener - stepFinished: current outcome:A new user correctly register in uTest:Given that the user is on the uTest singUp page [Ricardo open up utest [Ricardo opens the Utest home page, Ricardo clicks on New user register button]]
[Test worker] WARN net.thucydides.core.steps.BaseStepListener - stepFinished: current outcome:A new user correctly register in uTest:Given that the user is on the uTest singUp page [Ricardo open up utest [Ricardo opens the Utest home page, Ricardo clicks on New user register button]]
[Test worker] WARN net.thucydides.core.steps.BaseStepListener - stepFinished: current outcome:A new user correctly register in uTest:Given that the user is on the uTest singUp page [Ricardo open up utest [Ricardo opens the Utest home page, Ricardo clicks on New user register button]]
[Test worker] WARN net.thucydides.core.steps.BaseStepListener - stepStarted: net.thucydides.core.steps.ExecutedStepDescription@1eef59da
[Test worker] WARN net.thucydides.core.steps.BaseStepListener - stepStarted: net.thucydides.core.steps.ExecutedStepDescription@38f8d8f5
[Test worker] WARN net.thucydides.core.steps.BaseStepListener - stepStarted: net.thucydides.core.steps.ExecutedStepDescription@32eb51f5
[Test worker] WARN net.thucydides.core.steps.BaseStepListener - stepFinished: current outcome:A new user correctly register in uTest:Given that the user is on the uTest singUp page [Ricardo open up utest [Ricardo opens the Utest home page, Ricardo clicks on New user register button]], When the user provides the required data in each step
| strFirstName | strLastName | strEmail | strBirthMonth | strBirthDay | strBirthYear | strCity | strZip | strCountry | strComputerOs | strOsVersion | strOsLanguage | strMobileBrand | strMobileModel | strMobileOs | strPassword |
| <random name> | <random lastname> | <random email> | June | 14 | 1999 | Neiva | 140414 | Colombia | Windows | Windows 10 | Spanish | Apple | Iphone X | iOS 12.0 | 99Secur3.test | [Ricardo fill about yourself page [Ricardo enters 'Jude' into where you enter your first name]]
[Test worker] WARN net.thucydides.core.steps.BaseStepListener - stepStarted: net.thucydides.core.steps.ExecutedStepDescription@49838ecb
[Test worker] WARN net.thucydides.core.steps.BaseStepListener - stepFinished: current outcome:A new user correctly register in uTest:Given that the user is on the uTest singUp page [Ricardo open up utest [Ricardo opens the Utest home page, Ricardo clicks on New user register button]], When the user provides the required data in each step
| strFirstName | strLastName | strEmail | strBirthMonth | strBirthDay | strBirthYear | strCity | strZip | strCountry | strComputerOs | strOsVersion | strOsLanguage | strMobileBrand | strMobileModel | strMobileOs | strPassword |
| <random name> | <random lastname> | <random email> | June | 14 | 1999 | Neiva | 140414 | Colombia | Windows | Windows 10 | Spanish | Apple | Iphone X | iOS 12.0 | 99Secur3.test | [Ricardo fill about yourself page [Ricardo enters 'Jude' into where you enter your first name, Ricardo enters 'Will' into where you enter your last name]]
[Test worker] WARN net.thucydides.core.steps.BaseStepListener - stepStarted: net.thucydides.core.steps.ExecutedStepDescription@118ba3d1
[Test worker] WARN net.thucydides.core.steps.BaseStepListener - stepFinished: current outcome:A new user correctly register in uTest:Given that the user is on the uTest singUp page [Ricardo open up utest [Ricardo opens the Utest home page, Ricardo clicks on New user register button]], When the user provides the required data in each step
| strFirstName | strLastName | strEmail | strBirthMonth | strBirthDay | strBirthYear | strCity | strZip | strCountry | strComputerOs | strOsVersion | strOsLanguage | strMobileBrand | strMobileModel | strMobileOs | strPassword |
| <random name> | <random lastname> | <random email> | June | 14 | 1999 | Neiva | 140414 | Colombia | Windows | Windows 10 | Spanish | Apple | Iphone X | iOS 12.0 | 99Secur3.test | [Ricardo fill about yourself page [Ricardo enters 'Jude' into where you enter your first name, Ricardo enters 'Will' into where you enter your last name, Ricardo enters 'saul.streich@yahoo.com' into where you enter your email]]
[Test worker] WARN net.thucydides.core.steps.BaseStepListener - stepStarted: net.thucydides.core.steps.ExecutedStepDescription@463e98aa
[Test worker] WARN net.thucydides.core.steps.BaseStepListener - stepFinished: current outcome:A new user correctly register in uTest:Given that the user is on the uTest singUp page [Ricardo open up utest [Ricardo opens the Utest home page, Ricardo clicks on New user register button]], When the user provides the required data in each step
| strFirstName | strLastName | strEmail | strBirthMonth | strBirthDay | strBirthYear | strCity | strZip | strCountry | strComputerOs | strOsVersion | strOsLanguage | strMobileBrand | strMobileModel | strMobileOs | strPassword |
| <random name> | <random lastname> | <random email> | June | 14 | 1999 | Neiva | 140414 | Colombia | Windows | Windows 10 | Spanish | Apple | Iphone X | iOS 12.0 | 99Secur3.test | [Ricardo fill about yourself page [Ricardo enters 'Jude' into where you enter your first name, Ricardo enters 'Will' into where you enter your last name, Ricardo enters 'saul.streich@yahoo.com' into where you enter your email, Ricardo select June on where you enter your birth month]]
[Test worker] WARN net.thucydides.core.steps.BaseStepListener - stepStarted: net.thucydides.core.steps.ExecutedStepDescription@4166b4a4
[Test worker] WARN net.thucydides.core.steps.BaseStepListener - stepFinished: current outcome:A new user correctly register in uTest:Given that the user is on the uTest singUp page [Ricardo open up utest [Ricardo opens the Utest home page, Ricardo clicks on New user register button]], When the user provides the required data in each step
| strFirstName | strLastName | strEmail | strBirthMonth | strBirthDay | strBirthYear | strCity | strZip | strCountry | strComputerOs | strOsVersion | strOsLanguage | strMobileBrand | strMobileModel | strMobileOs | strPassword |
| <random name> | <random lastname> | <random email> | June | 14 | 1999 | Neiva | 140414 | Colombia | Windows | Windows 10 | Spanish | Apple | Iphone X | iOS 12.0 | 99Secur3.test | [Ricardo fill about yourself page [Ricardo enters 'Jude' into where you enter your first name, Ricardo enters 'Will' into where you enter your last name, Ricardo enters 'saul.streich@yahoo.com' into where you enter your email, Ricardo select June on where you enter your birth month, Ricardo select 14 on where you enter your birth day]]
[Test worker] WARN net.thucydides.core.steps.BaseStepListener - stepStarted: net.thucydides.core.steps.ExecutedStepDescription@1b3f3367
[Test worker] WARN net.thucydides.core.steps.BaseStepListener - stepFinished: current outcome:A new user correctly register in uTest:Given that the user is on the uTest singUp page [Ricardo open up utest [Ricardo opens the Utest home page, Ricardo clicks on New user register button]], When the user provides the required data in each step
| strFirstName | strLastName | strEmail | strBirthMonth | strBirthDay | strBirthYear | strCity | strZip | strCountry | strComputerOs | strOsVersion | strOsLanguage | strMobileBrand | strMobileModel | strMobileOs | strPassword |
| <random name> | <random lastname> | <random email> | June | 14 | 1999 | Neiva | 140414 | Colombia | Windows | Windows 10 | Spanish | Apple | Iphone X | iOS 12.0 | 99Secur3.test | [Ricardo fill about yourself page [Ricardo enters 'Jude' into where you enter your first name, Ricardo enters 'Will' into where you enter your last name, Ricardo enters 'saul.streich@yahoo.com' into where you enter your email, Ricardo select June on where you enter your birth month, Ricardo select 14 on where you enter your birth day, Ricardo select 1999 on where you enter your birth year]]
[Test worker] WARN net.thucydides.core.steps.BaseStepListener - stepStarted: net.thucydides.core.steps.ExecutedStepDescription@10b304fc
[Test worker] WARN net.thucydides.core.steps.BaseStepListener - stepFinished: current outcome:A new user correctly register in uTest:Given that the user is on the uTest singUp page [Ricardo open up utest [Ricardo opens the Utest home page, Ricardo clicks on New user register button]], When the user provides the required data in each step
| strFirstName | strLastName | strEmail | strBirthMonth | strBirthDay | strBirthYear | strCity | strZip | strCountry | strComputerOs | strOsVersion | strOsLanguage | strMobileBrand | strMobileModel | strMobileOs | strPassword |
| <random name> | <random lastname> | <random email> | June | 14 | 1999 | Neiva | 140414 | Colombia | Windows | Windows 10 | Spanish | Apple | Iphone X | iOS 12.0 | 99Secur3.test | [Ricardo fill about yourself page [Ricardo enters 'Jude' into where you enter your first name, Ricardo enters 'Will' into where you enter your last name, Ricardo enters 'saul.streich@yahoo.com' into where you enter your email, Ricardo select June on where you enter your birth month, Ricardo select 14 on where you enter your birth day, Ricardo select 1999 on where you enter your birth year, Ricardo clicks on button that loads the Location forms]]
[Test worker] WARN net.thucydides.core.steps.BaseStepListener - stepFinished: current outcome:A new user correctly register in uTest:Given that the user is on the uTest singUp page [Ricardo open up utest [Ricardo opens the Utest home page, Ricardo clicks on New user register button]], When the user provides the required data in each step
| strFirstName | strLastName | strEmail | strBirthMonth | strBirthDay | strBirthYear | strCity | strZip | strCountry | strComputerOs | strOsVersion | strOsLanguage | strMobileBrand | strMobileModel | strMobileOs | strPassword |
| <random name> | <random lastname> | <random email> | June | 14 | 1999 | Neiva | 140414 | Colombia | Windows | Windows 10 | Spanish | Apple | Iphone X | iOS 12.0 | 99Secur3.test | [Ricardo fill about yourself page [Ricardo enters 'Jude' into where you enter your first name, Ricardo enters 'Will' into where you enter your last name, Ricardo enters 'saul.streich@yahoo.com' into where you enter your email, Ricardo select June on where you enter your birth month, Ricardo select 14 on where you enter your birth day, Ricardo select 1999 on where you enter your birth year, Ricardo clicks on button that loads the Location forms]]
[Test worker] WARN net.thucydides.core.steps.BaseStepListener - stepStarted: net.thucydides.core.steps.ExecutedStepDescription@3cb971b0
[Test worker] WARN net.thucydides.core.steps.BaseStepListener - stepStarted: net.thucydides.core.steps.ExecutedStepDescription@37314a89
[Test worker] WARN net.thucydides.core.steps.BaseStepListener - stepFinished: current outcome:A new user correctly register in uTest:Given that the user is on the uTest singUp page [Ricardo open up utest [Ricardo opens the Utest home page, Ricardo clicks on New user register button]], When the user provides the required data in each step
| strFirstName | strLastName | strEmail | strBirthMonth | strBirthDay | strBirthYear | strCity | strZip | strCountry | strComputerOs | strOsVersion | strOsLanguage | strMobileBrand | strMobileModel | strMobileOs | strPassword |
| <random name> | <random lastname> | <random email> | June | 14 | 1999 | Neiva | 140414 | Colombia | Windows | Windows 10 | Spanish | Apple | Iphone X | iOS 12.0 | 99Secur3.test | [Ricardo fill about yourself page [Ricardo enters 'Jude' into where you enter your first name, Ricardo enters 'Will' into where you enter your last name, Ricardo enters 'saul.streich@yahoo.com' into where you enter your email, Ricardo select June on where you enter your birth month, Ricardo select 14 on where you enter your birth day, Ricardo select 1999 on where you enter your birth year, Ricardo clicks on button that loads the Location forms], Ricardo fill address page [Ricardo enters 'Neiva' into where you enter your city]]
[Test worker] WARN net.thucydides.core.steps.BaseStepListener - stepStarted: net.thucydides.core.steps.ExecutedStepDescription@308b8f5f
[Test worker] WARN net.thucydides.core.steps.BaseStepListener - stepFinished: current outcome:A new user correctly register in uTest:Given that the user is on the uTest singUp page [Ricardo open up utest [Ricardo opens the Utest home page, Ricardo clicks on New user register button]], When the user provides the required data in each step
| strFirstName | strLastName | strEmail | strBirthMonth | strBirthDay | strBirthYear | strCity | strZip | strCountry | strComputerOs | strOsVersion | strOsLanguage | strMobileBrand | strMobileModel | strMobileOs | strPassword |
| <random name> | <random lastname> | <random email> | June | 14 | 1999 | Neiva | 140414 | Colombia | Windows | Windows 10 | Spanish | Apple | Iphone X | iOS 12.0 | 99Secur3.test | [Ricardo fill about yourself page [Ricardo enters 'Jude' into where you enter your first name, Ricardo enters 'Will' into where you enter your last name, Ricardo enters 'saul.streich@yahoo.com' into where you enter your email, Ricardo select June on where you enter your birth month, Ricardo select 14 on where you enter your birth day, Ricardo select 1999 on where you enter your birth year, Ricardo clicks on button that loads the Location forms], Ricardo fill address page [Ricardo enters 'Neiva' into where you enter your city, Ricardo types 'ARROW_DOWN' in where you enter your city]]
[Test worker] WARN net.thucydides.core.steps.BaseStepListener - stepStarted: net.thucydides.core.steps.ExecutedStepDescription@76b4f6d9
[Test worker] WARN net.thucydides.core.steps.BaseStepListener - stepFinished: current outcome:A new user correctly register in uTest:Given that the user is on the uTest singUp page [Ricardo open up utest [Ricardo opens the Utest home page, Ricardo clicks on New user register button]], When the user provides the required data in each step
| strFirstName | strLastName | strEmail | strBirthMonth | strBirthDay | strBirthYear | strCity | strZip | strCountry | strComputerOs | strOsVersion | strOsLanguage | strMobileBrand | strMobileModel | strMobileOs | strPassword |
| <random name> | <random lastname> | <random email> | June | 14 | 1999 | Neiva | 140414 | Colombia | Windows | Windows 10 | Spanish | Apple | Iphone X | iOS 12.0 | 99Secur3.test | [Ricardo fill about yourself page [Ricardo enters 'Jude' into where you enter your first name, Ricardo enters 'Will' into where you enter your last name, Ricardo enters 'saul.streich@yahoo.com' into where you enter your email, Ricardo select June on where you enter your birth month, Ricardo select 14 on where you enter your birth day, Ricardo select 1999 on where you enter your birth year, Ricardo clicks on button that loads the Location forms], Ricardo fill address page [Ricardo enters 'Neiva' into where you enter your city, Ricardo types 'ARROW_DOWN' in where you enter your city, Ricardo types 'ENTER' in where you enter your city]]
[Test worker] WARN net.thucydides.core.steps.BaseStepListener - stepStarted: net.thucydides.core.steps.ExecutedStepDescription@6fa0ccd1
[Test worker] WARN net.thucydides.core.steps.BaseStepListener - stepFinished: current outcome:A new user correctly register in uTest:Given that the user is on the uTest singUp page [Ricardo open up utest [Ricardo opens the Utest home page, Ricardo clicks on New user register button]], When the user provides the required data in each step
| strFirstName | strLastName | strEmail | strBirthMonth | strBirthDay | strBirthYear | strCity | strZip | strCountry | strComputerOs | strOsVersion | strOsLanguage | strMobileBrand | strMobileModel | strMobileOs | strPassword |
| <random name> | <random lastname> | <random email> | June | 14 | 1999 | Neiva | 140414 | Colombia | Windows | Windows 10 | Spanish | Apple | Iphone X | iOS 12.0 | 99Secur3.test | [Ricardo fill about yourself page [Ricardo enters 'Jude' into where you enter your first name, Ricardo enters 'Will' into where you enter your last name, Ricardo enters 'saul.streich@yahoo.com' into where you enter your email, Ricardo select June on where you enter your birth month, Ricardo select 14 on where you enter your birth day, Ricardo select 1999 on where you enter your birth year, Ricardo clicks on button that loads the Location forms], Ricardo fill address page [Ricardo enters 'Neiva' into where you enter your city, Ricardo types 'ARROW_DOWN' in where you enter your city, Ricardo types 'ENTER' in where you enter your city, Ricardo enters '140414' into where you enter your zip or postal code]]
[Test worker] WARN net.thucydides.core.steps.BaseStepListener - stepStarted: net.thucydides.core.steps.ExecutedStepDescription@21af6555
[Test worker] WARN net.thucydides.core.steps.BaseStepListener - stepFinished: current outcome:A new user correctly register in uTest:Given that the user is on the uTest singUp page [Ricardo open up utest [Ricardo opens the Utest home page, Ricardo clicks on New user register button]], When the user provides the required data in each step
| strFirstName | strLastName | strEmail | strBirthMonth | strBirthDay | strBirthYear | strCity | strZip | strCountry | strComputerOs | strOsVersion | strOsLanguage | strMobileBrand | strMobileModel | strMobileOs | strPassword |
| <random name> | <random lastname> | <random email> | June | 14 | 1999 | Neiva | 140414 | Colombia | Windows | Windows 10 | Spanish | Apple | Iphone X | iOS 12.0 | 99Secur3.test | [Ricardo fill about yourself page [Ricardo enters 'Jude' into where you enter your first name, Ricardo enters 'Will' into where you enter your last name, Ricardo enters 'saul.streich@yahoo.com' into where you enter your email, Ricardo select June on where you enter your birth month, Ricardo select 14 on where you enter your birth day, Ricardo select 1999 on where you enter your birth year, Ricardo clicks on button that loads the Location forms], Ricardo fill address page [Ricardo enters 'Neiva' into where you enter your city, Ricardo types 'ARROW_DOWN' in where you enter your city, Ricardo types 'ENTER' in where you enter your city, Ricardo enters '140414' into where you enter your zip or postal code, Ricardo clicks on Container that opens the country list]]
[Test worker] WARN net.thucydides.core.steps.BaseStepListener - stepStarted: net.thucydides.core.steps.ExecutedStepDescription@c2994e9
[Test worker] WARN net.thucydides.core.steps.BaseStepListener - stepFinished: current outcome:A new user correctly register in uTest:Given that the user is on the uTest singUp page [Ricardo open up utest [Ricardo opens the Utest home page, Ricardo clicks on New user register button]], When the user provides the required data in each step
| strFirstName | strLastName | strEmail | strBirthMonth | strBirthDay | strBirthYear | strCity | strZip | strCountry | strComputerOs | strOsVersion | strOsLanguage | strMobileBrand | strMobileModel | strMobileOs | strPassword |
| <random name> | <random lastname> | <random email> | June | 14 | 1999 | Neiva | 140414 | Colombia | Windows | Windows 10 | Spanish | Apple | Iphone X | iOS 12.0 | 99Secur3.test | [Ricardo fill about yourself page [Ricardo enters 'Jude' into where you enter your first name, Ricardo enters 'Will' into where you enter your last name, Ricardo enters 'saul.streich@yahoo.com' into where you enter your email, Ricardo select June on where you enter your birth month, Ricardo select 14 on where you enter your birth day, Ricardo select 1999 on where you enter your birth year, Ricardo clicks on button that loads the Location forms], Ricardo fill address page [Ricardo enters 'Neiva' into where you enter your city, Ricardo types 'ARROW_DOWN' in where you enter your city, Ricardo types 'ENTER' in where you enter your city, Ricardo enters '140414' into where you enter your zip or postal code, Ricardo clicks on Container that opens the country list, Ricardo enters 'Colombia' into where you enter your country]]
[Test worker] WARN net.thucydides.core.steps.BaseStepListener - stepStarted: net.thucydides.core.steps.ExecutedStepDescription@3cad692b
[Test worker] WARN net.thucydides.core.steps.BaseStepListener - stepFinished: current outcome:A new user correctly register in uTest:Given that the user is on the uTest singUp page [Ricardo open up utest [Ricardo opens the Utest home page, Ricardo clicks on New user register button]], When the user provides the required data in each step
| strFirstName | strLastName | strEmail | strBirthMonth | strBirthDay | strBirthYear | strCity | strZip | strCountry | strComputerOs | strOsVersion | strOsLanguage | strMobileBrand | strMobileModel | strMobileOs | strPassword |
| <random name> | <random lastname> | <random email> | June | 14 | 1999 | Neiva | 140414 | Colombia | Windows | Windows 10 | Spanish | Apple | Iphone X | iOS 12.0 | 99Secur3.test | [Ricardo fill about yourself page [Ricardo enters 'Jude' into where you enter your first name, Ricardo enters 'Will' into where you enter your last name, Ricardo enters 'saul.streich@yahoo.com' into where you enter your email, Ricardo select June on where you enter your birth month, Ricardo select 14 on where you enter your birth day, Ricardo select 1999 on where you enter your birth year, Ricardo clicks on button that loads the Location forms], Ricardo fill address page [Ricardo enters 'Neiva' into where you enter your city, Ricardo types 'ARROW_DOWN' in where you enter your city, Ricardo types 'ENTER' in where you enter your city, Ricardo enters '140414' into where you enter your zip or postal code, Ricardo clicks on Container that opens the country list, Ricardo enters 'Colombia' into where you enter your country, Ricardo clicks on button that loads the devices page]]
[Test worker] WARN net.thucydides.core.steps.BaseStepListener - stepFinished: current outcome:A new user correctly register in uTest:Given that the user is on the uTest singUp page [Ricardo open up utest [Ricardo opens the Utest home page, Ricardo clicks on New user register button]], When the user provides the required data in each step
| strFirstName | strLastName | strEmail | strBirthMonth | strBirthDay | strBirthYear | strCity | strZip | strCountry | strComputerOs | strOsVersion | strOsLanguage | strMobileBrand | strMobileModel | strMobileOs | strPassword |
| <random name> | <random lastname> | <random email> | June | 14 | 1999 | Neiva | 140414 | Colombia | Windows | Windows 10 | Spanish | Apple | Iphone X | iOS 12.0 | 99Secur3.test | [Ricardo fill about yourself page [Ricardo enters 'Jude' into where you enter your first name, Ricardo enters 'Will' into where you enter your last name, Ricardo enters 'saul.streich@yahoo.com' into where you enter your email, Ricardo select June on where you enter your birth month, Ricardo select 14 on where you enter your birth day, Ricardo select 1999 on where you enter your birth year, Ricardo clicks on button that loads the Location forms], Ricardo fill address page [Ricardo enters 'Neiva' into where you enter your city, Ricardo types 'ARROW_DOWN' in where you enter your city, Ricardo types 'ENTER' in where you enter your city, Ricardo enters '140414' into where you enter your zip or postal code, Ricardo clicks on Container that opens the country list, Ricardo enters 'Colombia' into where you enter your country, Ricardo clicks on button that loads the devices page]]
[Test worker] WARN net.thucydides.core.steps.BaseStepListener - stepStarted: net.thucydides.core.steps.ExecutedStepDescription@1466ae76
[Test worker] WARN net.thucydides.core.steps.BaseStepListener - stepStarted: net.thucydides.core.steps.ExecutedStepDescription@1a7776a5
[Test worker] WARN net.thucydides.core.steps.BaseStepListener - stepFinished: current outcome:A new user correctly register in uTest:Given that the user is on the uTest singUp page [Ricardo open up utest [Ricardo opens the Utest home page, Ricardo clicks on New user register button]], When the user provides the required data in each step
| strFirstName | strLastName | strEmail | strBirthMonth | strBirthDay | strBirthYear | strCity | strZip | strCountry | strComputerOs | strOsVersion | strOsLanguage | strMobileBrand | strMobileModel | strMobileOs | strPassword |
| <random name> | <random lastname> | <random email> | June | 14 | 1999 | Neiva | 140414 | Colombia | Windows | Windows 10 | Spanish | Apple | Iphone X | iOS 12.0 | 99Secur3.test | [Ricardo fill about yourself page [Ricardo enters 'Jude' into where you enter your first name, Ricardo enters 'Will' into where you enter your last name, Ricardo enters 'saul.streich@yahoo.com' into where you enter your email, Ricardo select June on where you enter your birth month, Ricardo select 14 on where you enter your birth day, Ricardo select 1999 on where you enter your birth year, Ricardo clicks on button that loads the Location forms], Ricardo fill address page [Ricardo enters 'Neiva' into where you enter your city, Ricardo types 'ARROW_DOWN' in where you enter your city, Ricardo types 'ENTER' in where you enter your city, Ricardo enters '140414' into where you enter your zip or postal code, Ricardo clicks on Container that opens the country list, Ricardo enters 'Colombia' into where you enter your country, Ricardo clicks on button that loads the devices page], Ricardo fill devices page [Ricardo clicks on container that allows display the computer os]]
[Test worker] WARN net.thucydides.core.steps.BaseStepListener - stepStarted: net.thucydides.core.steps.ExecutedStepDescription@518cb168
[Test worker] WARN net.thucydides.core.steps.BaseStepListener - stepFinished: current outcome:A new user correctly register in uTest:Given that the user is on the uTest singUp page [Ricardo open up utest [Ricardo opens the Utest home page, Ricardo clicks on New user register button]], When the user provides the required data in each step
| strFirstName | strLastName | strEmail | strBirthMonth | strBirthDay | strBirthYear | strCity | strZip | strCountry | strComputerOs | strOsVersion | strOsLanguage | strMobileBrand | strMobileModel | strMobileOs | strPassword |
| <random name> | <random lastname> | <random email> | June | 14 | 1999 | Neiva | 140414 | Colombia | Windows | Windows 10 | Spanish | Apple | Iphone X | iOS 12.0 | 99Secur3.test | [Ricardo fill about yourself page [Ricardo enters 'Jude' into where you enter your first name, Ricardo enters 'Will' into where you enter your last name, Ricardo enters 'saul.streich@yahoo.com' into where you enter your email, Ricardo select June on where you enter your birth month, Ricardo select 14 on where you enter your birth day, Ricardo select 1999 on where you enter your birth year, Ricardo clicks on button that loads the Location forms], Ricardo fill address page [Ricardo enters 'Neiva' into where you enter your city, Ricardo types 'ARROW_DOWN' in where you enter your city, Ricardo types 'ENTER' in where you enter your city, Ricardo enters '140414' into where you enter your zip or postal code, Ricardo clicks on Container that opens the country list, Ricardo enters 'Colombia' into where you enter your country, Ricardo clicks on button that loads the devices page], Ricardo fill devices page [Ricardo clicks on container that allows display the computer os, Ricardo enters 'Windows' then hits [ENTER] into where you enter your computer OS]]
[Test worker] WARN net.thucydides.core.steps.BaseStepListener - stepStarted: net.thucydides.core.steps.ExecutedStepDescription@7b6991be
[Test worker] WARN net.thucydides.core.steps.BaseStepListener - stepFinished: current outcome:A new user correctly register in uTest:Given that the user is on the uTest singUp page [Ricardo open up utest [Ricardo opens the Utest home page, Ricardo clicks on New user register button]], When the user provides the required data in each step
| strFirstName | strLastName | strEmail | strBirthMonth | strBirthDay | strBirthYear | strCity | strZip | strCountry | strComputerOs | strOsVersion | strOsLanguage | strMobileBrand | strMobileModel | strMobileOs | strPassword |
| <random name> | <random lastname> | <random email> | June | 14 | 1999 | Neiva | 140414 | Colombia | Windows | Windows 10 | Spanish | Apple | Iphone X | iOS 12.0 | 99Secur3.test | [Ricardo fill about yourself page [Ricardo enters 'Jude' into where you enter your first name, Ricardo enters 'Will' into where you enter your last name, Ricardo enters 'saul.streich@yahoo.com' into where you enter your email, Ricardo select June on where you enter your birth month, Ricardo select 14 on where you enter your birth day, Ricardo select 1999 on where you enter your birth year, Ricardo clicks on button that loads the Location forms], Ricardo fill address page [Ricardo enters 'Neiva' into where you enter your city, Ricardo types 'ARROW_DOWN' in where you enter your city, Ricardo types 'ENTER' in where you enter your city, Ricardo enters '140414' into where you enter your zip or postal code, Ricardo clicks on Container that opens the country list, Ricardo enters 'Colombia' into where you enter your country, Ricardo clicks on button that loads the devices page], Ricardo fill devices page [Ricardo clicks on container that allows display the computer os, Ricardo enters 'Windows' then hits [ENTER] into where you enter your computer OS, Ricardo clicks on container that allows display the computer os version]]
[Test worker] WARN net.thucydides.core.steps.BaseStepListener - stepStarted: net.thucydides.core.steps.ExecutedStepDescription@6c67a9f2
[Test worker] WARN net.thucydides.core.steps.BaseStepListener - stepFinished: current outcome:A new user correctly register in uTest:Given that the user is on the uTest singUp page [Ricardo open up utest [Ricardo opens the Utest home page, Ricardo clicks on New user register button]], When the user provides the required data in each step
| strFirstName | strLastName | strEmail | strBirthMonth | strBirthDay | strBirthYear | strCity | strZip | strCountry | strComputerOs | strOsVersion | strOsLanguage | strMobileBrand | strMobileModel | strMobileOs | strPassword |
| <random name> | <random lastname> | <random email> | June | 14 | 1999 | Neiva | 140414 | Colombia | Windows | Windows 10 | Spanish | Apple | Iphone X | iOS 12.0 | 99Secur3.test | [Ricardo fill about yourself page [Ricardo enters 'Jude' into where you enter your first name, Ricardo enters 'Will' into where you enter your last name, Ricardo enters 'saul.streich@yahoo.com' into where you enter your email, Ricardo select June on where you enter your birth month, Ricardo select 14 on where you enter your birth day, Ricardo select 1999 on where you enter your birth year, Ricardo clicks on button that loads the Location forms], Ricardo fill address page [Ricardo enters 'Neiva' into where you enter your city, Ricardo types 'ARROW_DOWN' in where you enter your city, Ricardo types 'ENTER' in where you enter your city, Ricardo enters '140414' into where you enter your zip or postal code, Ricardo clicks on Container that opens the country list, Ricardo enters 'Colombia' into where you enter your country, Ricardo clicks on button that loads the devices page], Ricardo fill devices page [Ricardo clicks on container that allows display the computer os, Ricardo enters 'Windows' then hits [ENTER] into where you enter your computer OS, Ricardo clicks on container that allows display the computer os version, Ricardo enters 'Windows 10' then hits [ENTER] into where you enter your computer OS version]]
[Test worker] WARN net.thucydides.core.steps.BaseStepListener - stepStarted: net.thucydides.core.steps.ExecutedStepDescription@16806c1d
[Test worker] WARN net.thucydides.core.steps.BaseStepListener - stepFinished: current outcome:A new user correctly register in uTest:Given that the user is on the uTest singUp page [Ricardo open up utest [Ricardo opens the Utest home page, Ricardo clicks on New user register button]], When the user provides the required data in each step
| strFirstName | strLastName | strEmail | strBirthMonth | strBirthDay | strBirthYear | strCity | strZip | strCountry | strComputerOs | strOsVersion | strOsLanguage | strMobileBrand | strMobileModel | strMobileOs | strPassword |
| <random name> | <random lastname> | <random email> | June | 14 | 1999 | Neiva | 140414 | Colombia | Windows | Windows 10 | Spanish | Apple | Iphone X | iOS 12.0 | 99Secur3.test | [Ricardo fill about yourself page [Ricardo enters 'Jude' into where you enter your first name, Ricardo enters 'Will' into where you enter your last name, Ricardo enters 'saul.streich@yahoo.com' into where you enter your email, Ricardo select June on where you enter your birth month, Ricardo select 14 on where you enter your birth day, Ricardo select 1999 on where you enter your birth year, Ricardo clicks on button that loads the Location forms], Ricardo fill address page [Ricardo enters 'Neiva' into where you enter your city, Ricardo types 'ARROW_DOWN' in where you enter your city, Ricardo types 'ENTER' in where you enter your city, Ricardo enters '140414' into where you enter your zip or postal code, Ricardo clicks on Container that opens the country list, Ricardo enters 'Colombia' into where you enter your country, Ricardo clicks on button that loads the devices page], Ricardo fill devices page [Ricardo clicks on container that allows display the computer os, Ricardo enters 'Windows' then hits [ENTER] into where you enter your computer OS, Ricardo clicks on container that allows display the computer os version, Ricardo enters 'Windows 10' then hits [ENTER] into where you enter your computer OS version, Ricardo clicks on container that allows display the computer os language]]
[Test worker] WARN net.thucydides.core.steps.BaseStepListener - stepStarted: net.thucydides.core.steps.ExecutedStepDescription@4a6a24ad
[Test worker] WARN net.thucydides.core.steps.BaseStepListener - stepFinished: current outcome:A new user correctly register in uTest:Given that the user is on the uTest singUp page [Ricardo open up utest [Ricardo opens the Utest home page, Ricardo clicks on New user register button]], When the user provides the required data in each step
| strFirstName | strLastName | strEmail | strBirthMonth | strBirthDay | strBirthYear | strCity | strZip | strCountry | strComputerOs | strOsVersion | strOsLanguage | strMobileBrand | strMobileModel | strMobileOs | strPassword |
| <random name> | <random lastname> | <random email> | June | 14 | 1999 | Neiva | 140414 | Colombia | Windows | Windows 10 | Spanish | Apple | Iphone X | iOS 12.0 | 99Secur3.test | [Ricardo fill about yourself page [Ricardo enters 'Jude' into where you enter your first name, Ricardo enters 'Will' into where you enter your last name, Ricardo enters 'saul.streich@yahoo.com' into where you enter your email, Ricardo select June on where you enter your birth month, Ricardo select 14 on where you enter your birth day, Ricardo select 1999 on where you enter your birth year, Ricardo clicks on button that loads the Location forms], Ricardo fill address page [Ricardo enters 'Neiva' into where you enter your city, Ricardo types 'ARROW_DOWN' in where you enter your city, Ricardo types 'ENTER' in where you enter your city, Ricardo enters '140414' into where you enter your zip or postal code, Ricardo clicks on Container that opens the country list, Ricardo enters 'Colombia' into where you enter your country, Ricardo clicks on button that loads the devices page], Ricardo fill devices page [Ricardo clicks on container that allows display the computer os, Ricardo enters 'Windows' then hits [ENTER] into where you enter your computer OS, Ricardo clicks on container that allows display the computer os version, Ricardo enters 'Windows 10' then hits [ENTER] into where you enter your computer OS version, Ricardo clicks on container that allows display the computer os language, Ricardo enters 'Spanish' then hits [ENTER] into where you enter your computer OS language]]
[Test worker] WARN net.thucydides.core.steps.BaseStepListener - stepStarted: net.thucydides.core.steps.ExecutedStepDescription@4dbfede4
[Test worker] WARN net.thucydides.core.steps.BaseStepListener - stepFinished: current outcome:A new user correctly register in uTest:Given that the user is on the uTest singUp page [Ricardo open up utest [Ricardo opens the Utest home page, Ricardo clicks on New user register button]], When the user provides the required data in each step
| strFirstName | strLastName | strEmail | strBirthMonth | strBirthDay | strBirthYear | strCity | strZip | strCountry | strComputerOs | strOsVersion | strOsLanguage | strMobileBrand | strMobileModel | strMobileOs | strPassword |
| <random name> | <random lastname> | <random email> | June | 14 | 1999 | Neiva | 140414 | Colombia | Windows | Windows 10 | Spanish | Apple | Iphone X | iOS 12.0 | 99Secur3.test | [Ricardo fill about yourself page [Ricardo enters 'Jude' into where you enter your first name, Ricardo enters 'Will' into where you enter your last name, Ricardo enters 'saul.streich@yahoo.com' into where you enter your email, Ricardo select June on where you enter your birth month, Ricardo select 14 on where you enter your birth day, Ricardo select 1999 on where you enter your birth year, Ricardo clicks on button that loads the Location forms], Ricardo fill address page [Ricardo enters 'Neiva' into where you enter your city, Ricardo types 'ARROW_DOWN' in where you enter your city, Ricardo types 'ENTER' in where you enter your city, Ricardo enters '140414' into where you enter your zip or postal code, Ricardo clicks on Container that opens the country list, Ricardo enters 'Colombia' into where you enter your country, Ricardo clicks on button that loads the devices page], Ricardo fill devices page [Ricardo clicks on container that allows display the computer os, Ricardo enters 'Windows' then hits [ENTER] into where you enter your computer OS, Ricardo clicks on container that allows display the computer os version, Ricardo enters 'Windows 10' then hits [ENTER] into where you enter your computer OS version, Ricardo clicks on container that allows display the computer os language, Ricardo enters 'Spanish' then hits [ENTER] into where you enter your computer OS language, Ricardo clicks on container that allows display the mobile brand]]
[Test worker] WARN net.thucydides.core.steps.BaseStepListener - stepStarted: net.thucydides.core.steps.ExecutedStepDescription@2f176a60
[Test worker] WARN net.thucydides.core.steps.BaseStepListener - stepFinished: current outcome:A new user correctly register in uTest:Given that the user is on the uTest singUp page [Ricardo open up utest [Ricardo opens the Utest home page, Ricardo clicks on New user register button]], When the user provides the required data in each step
| strFirstName | strLastName | strEmail | strBirthMonth | strBirthDay | strBirthYear | strCity | strZip | strCountry | strComputerOs | strOsVersion | strOsLanguage | strMobileBrand | strMobileModel | strMobileOs | strPassword |
| <random name> | <random lastname> | <random email> | June | 14 | 1999 | Neiva | 140414 | Colombia | Windows | Windows 10 | Spanish | Apple | Iphone X | iOS 12.0 | 99Secur3.test | [Ricardo fill about yourself page [Ricardo enters 'Jude' into where you enter your first name, Ricardo enters 'Will' into where you enter your last name, Ricardo enters 'saul.streich@yahoo.com' into where you enter your email, Ricardo select June on where you enter your birth month, Ricardo select 14 on where you enter your birth day, Ricardo select 1999 on where you enter your birth year, Ricardo clicks on button that loads the Location forms], Ricardo fill address page [Ricardo enters 'Neiva' into where you enter your city, Ricardo types 'ARROW_DOWN' in where you enter your city, Ricardo types 'ENTER' in where you enter your city, Ricardo enters '140414' into where you enter your zip or postal code, Ricardo clicks on Container that opens the country list, Ricardo enters 'Colombia' into where you enter your country, Ricardo clicks on button that loads the devices page], Ricardo fill devices page [Ricardo clicks on container that allows display the computer os, Ricardo enters 'Windows' then hits [ENTER] into where you enter your computer OS, Ricardo clicks on container that allows display the computer os version, Ricardo enters 'Windows 10' then hits [ENTER] into where you enter your computer OS version, Ricardo clicks on container that allows display the computer os language, Ricardo enters 'Spanish' then hits [ENTER] into where you enter your computer OS language, Ricardo clicks on container that allows display the mobile brand, Ricardo enters 'Apple' then hits [ENTER] into where you enter your mobile brand]]
[Test worker] WARN net.thucydides.core.steps.BaseStepListener - stepStarted: net.thucydides.core.steps.ExecutedStepDescription@208d25e7
[Test worker] WARN net.thucydides.core.steps.BaseStepListener - stepFinished: current outcome:A new user correctly register in uTest:Given that the user is on the uTest singUp page [Ricardo open up utest [Ricardo opens the Utest home page, Ricardo clicks on New user register button]], When the user provides the required data in each step
| strFirstName | strLastName | strEmail | strBirthMonth | strBirthDay | strBirthYear | strCity | strZip | strCountry | strComputerOs | strOsVersion | strOsLanguage | strMobileBrand | strMobileModel | strMobileOs | strPassword |
| <random name> | <random lastname> | <random email> | June | 14 | 1999 | Neiva | 140414 | Colombia | Windows | Windows 10 | Spanish | Apple | Iphone X | iOS 12.0 | 99Secur3.test | [Ricardo fill about yourself page [Ricardo enters 'Jude' into where you enter your first name, Ricardo enters 'Will' into where you enter your last name, Ricardo enters 'saul.streich@yahoo.com' into where you enter your email, Ricardo select June on where you enter your birth month, Ricardo select 14 on where you enter your birth day, Ricardo select 1999 on where you enter your birth year, Ricardo clicks on button that loads the Location forms], Ricardo fill address page [Ricardo enters 'Neiva' into where you enter your city, Ricardo types 'ARROW_DOWN' in where you enter your city, Ricardo types 'ENTER' in where you enter your city, Ricardo enters '140414' into where you enter your zip or postal code, Ricardo clicks on Container that opens the country list, Ricardo enters 'Colombia' into where you enter your country, Ricardo clicks on button that loads the devices page], Ricardo fill devices page [Ricardo clicks on container that allows display the computer os, Ricardo enters 'Windows' then hits [ENTER] into where you enter your computer OS, Ricardo clicks on container that allows display the computer os version, Ricardo enters 'Windows 10' then hits [ENTER] into where you enter your computer OS version, Ricardo clicks on container that allows display the computer os language, Ricardo enters 'Spanish' then hits [ENTER] into where you enter your computer OS language, Ricardo clicks on container that allows display the mobile brand, Ricardo enters 'Apple' then hits [ENTER] into where you enter your mobile brand, Ricardo clicks on container that allows display the mobile model]]
[Test worker] WARN net.thucydides.core.steps.BaseStepListener - stepStarted: net.thucydides.core.steps.ExecutedStepDescription@328df268
[Test worker] WARN net.thucydides.core.steps.BaseStepListener - stepFinished: current outcome:A new user correctly register in uTest:Given that the user is on the uTest singUp page [Ricardo open up utest [Ricardo opens the Utest home page, Ricardo clicks on New user register button]], When the user provides the required data in each step
| strFirstName | strLastName | strEmail | strBirthMonth | strBirthDay | strBirthYear | strCity | strZip | strCountry | strComputerOs | strOsVersion | strOsLanguage | strMobileBrand | strMobileModel | strMobileOs | strPassword |
| <random name> | <random lastname> | <random email> | June | 14 | 1999 | Neiva | 140414 | Colombia | Windows | Windows 10 | Spanish | Apple | Iphone X | iOS 12.0 | 99Secur3.test | [Ricardo fill about yourself page [Ricardo enters 'Jude' into where you enter your first name, Ricardo enters 'Will' into where you enter your last name, Ricardo enters 'saul.streich@yahoo.com' into where you enter your email, Ricardo select June on where you enter your birth month, Ricardo select 14 on where you enter your birth day, Ricardo select 1999 on where you enter your birth year, Ricardo clicks on button that loads the Location forms], Ricardo fill address page [Ricardo enters 'Neiva' into where you enter your city, Ricardo types 'ARROW_DOWN' in where you enter your city, Ricardo types 'ENTER' in where you enter your city, Ricardo enters '140414' into where you enter your zip or postal code, Ricardo clicks on Container that opens the country list, Ricardo enters 'Colombia' into where you enter your country, Ricardo clicks on button that loads the devices page], Ricardo fill devices page [Ricardo clicks on container that allows display the computer os, Ricardo enters 'Windows' then hits [ENTER] into where you enter your computer OS, Ricardo clicks on container that allows display the computer os version, Ricardo enters 'Windows 10' then hits [ENTER] into where you enter your computer OS version, Ricardo clicks on container that allows display the computer os language, Ricardo enters 'Spanish' then hits [ENTER] into where you enter your computer OS language, Ricardo clicks on container that allows display the mobile brand, Ricardo enters 'Apple' then hits [ENTER] into where you enter your mobile brand, Ricardo clicks on container that allows display the mobile model, Ricardo enters 'Iphone X' then hits [ENTER] into where you enter your mobile model]]
[Test worker] WARN net.thucydides.core.steps.BaseStepListener - stepStarted: net.thucydides.core.steps.ExecutedStepDescription@7e305041
[Test worker] WARN net.thucydides.core.steps.BaseStepListener - stepFinished: current outcome:A new user correctly register in uTest:Given that the user is on the uTest singUp page [Ricardo open up utest [Ricardo opens the Utest home page, Ricardo clicks on New user register button]], When the user provides the required data in each step
| strFirstName | strLastName | strEmail | strBirthMonth | strBirthDay | strBirthYear | strCity | strZip | strCountry | strComputerOs | strOsVersion | strOsLanguage | strMobileBrand | strMobileModel | strMobileOs | strPassword |
| <random name> | <random lastname> | <random email> | June | 14 | 1999 | Neiva | 140414 | Colombia | Windows | Windows 10 | Spanish | Apple | Iphone X | iOS 12.0 | 99Secur3.test | [Ricardo fill about yourself page [Ricardo enters 'Jude' into where you enter your first name, Ricardo enters 'Will' into where you enter your last name, Ricardo enters 'saul.streich@yahoo.com' into where you enter your email, Ricardo select June on where you enter your birth month, Ricardo select 14 on where you enter your birth day, Ricardo select 1999 on where you enter your birth year, Ricardo clicks on button that loads the Location forms], Ricardo fill address page [Ricardo enters 'Neiva' into where you enter your city, Ricardo types 'ARROW_DOWN' in where you enter your city, Ricardo types 'ENTER' in where you enter your city, Ricardo enters '140414' into where you enter your zip or postal code, Ricardo clicks on Container that opens the country list, Ricardo enters 'Colombia' into where you enter your country, Ricardo clicks on button that loads the devices page], Ricardo fill devices page [Ricardo clicks on container that allows display the computer os, Ricardo enters 'Windows' then hits [ENTER] into where you enter your computer OS, Ricardo clicks on container that allows display the computer os version, Ricardo enters 'Windows 10' then hits [ENTER] into where you enter your computer OS version, Ricardo clicks on container that allows display the computer os language, Ricardo enters 'Spanish' then hits [ENTER] into where you enter your computer OS language, Ricardo clicks on container that allows display the mobile brand, Ricardo enters 'Apple' then hits [ENTER] into where you enter your mobile brand, Ricardo clicks on container that allows display the mobile model, Ricardo enters 'Iphone X' then hits [ENTER] into where you enter your mobile model, Ricardo clicks on container that allows display the mobile model]]
[Test worker] WARN net.thucydides.core.steps.BaseStepListener - stepStarted: net.thucydides.core.steps.ExecutedStepDescription@79d950f0
[Test worker] WARN net.thucydides.core.steps.BaseStepListener - stepFinished: current outcome:A new user correctly register in uTest:Given that the user is on the uTest singUp page [Ricardo open up utest [Ricardo opens the Utest home page, Ricardo clicks on New user register button]], When the user provides the required data in each step
| strFirstName | strLastName | strEmail | strBirthMonth | strBirthDay | strBirthYear | strCity | strZip | strCountry | strComputerOs | strOsVersion | strOsLanguage | strMobileBrand | strMobileModel | strMobileOs | strPassword |
| <random name> | <random lastname> | <random email> | June | 14 | 1999 | Neiva | 140414 | Colombia | Windows | Windows 10 | Spanish | Apple | Iphone X | iOS 12.0 | 99Secur3.test | [Ricardo fill about yourself page [Ricardo enters 'Jude' into where you enter your first name, Ricardo enters 'Will' into where you enter your last name, Ricardo enters 'saul.streich@yahoo.com' into where you enter your email, Ricardo select June on where you enter your birth month, Ricardo select 14 on where you enter your birth day, Ricardo select 1999 on where you enter your birth year, Ricardo clicks on button that loads the Location forms], Ricardo fill address page [Ricardo enters 'Neiva' into where you enter your city, Ricardo types 'ARROW_DOWN' in where you enter your city, Ricardo types 'ENTER' in where you enter your city, Ricardo enters '140414' into where you enter your zip or postal code, Ricardo clicks on Container that opens the country list, Ricardo enters 'Colombia' into where you enter your country, Ricardo clicks on button that loads the devices page], Ricardo fill devices page [Ricardo clicks on container that allows display the computer os, Ricardo enters 'Windows' then hits [ENTER] into where you enter your computer OS, Ricardo clicks on container that allows display the computer os version, Ricardo enters 'Windows 10' then hits [ENTER] into where you enter your computer OS version, Ricardo clicks on container that allows display the computer os language, Ricardo enters 'Spanish' then hits [ENTER] into where you enter your computer OS language, Ricardo clicks on container that allows display the mobile brand, Ricardo enters 'Apple' then hits [ENTER] into where you enter your mobile brand, Ricardo clicks on container that allows display the mobile model, Ricardo enters 'Iphone X' then hits [ENTER] into where you enter your mobile model, Ricardo clicks on container that allows display the mobile model, Ricardo enters 'iOS 12.0' then hits [ENTER] into where you enter your mobile model]]
[Test worker] WARN net.thucydides.core.steps.BaseStepListener - stepStarted: net.thucydides.core.steps.ExecutedStepDescription@5e4601cd
[Test worker] WARN net.thucydides.core.steps.BaseStepListener - stepFinished: current outcome:A new user correctly register in uTest:Given that the user is on the uTest singUp page [Ricardo open up utest [Ricardo opens the Utest home page, Ricardo clicks on New user register button]], When the user provides the required data in each step
| strFirstName | strLastName | strEmail | strBirthMonth | strBirthDay | strBirthYear | strCity | strZip | strCountry | strComputerOs | strOsVersion | strOsLanguage | strMobileBrand | strMobileModel | strMobileOs | strPassword |
| <random name> | <random lastname> | <random email> | June | 14 | 1999 | Neiva | 140414 | Colombia | Windows | Windows 10 | Spanish | Apple | Iphone X | iOS 12.0 | 99Secur3.test | [Ricardo fill about yourself page [Ricardo enters 'Jude' into where you enter your first name, Ricardo enters 'Will' into where you enter your last name, Ricardo enters 'saul.streich@yahoo.com' into where you enter your email, Ricardo select June on where you enter your birth month, Ricardo select 14 on where you enter your birth day, Ricardo select 1999 on where you enter your birth year, Ricardo clicks on button that loads the Location forms], Ricardo fill address page [Ricardo enters 'Neiva' into where you enter your city, Ricardo types 'ARROW_DOWN' in where you enter your city, Ricardo types 'ENTER' in where you enter your city, Ricardo enters '140414' into where you enter your zip or postal code, Ricardo clicks on Container that opens the country list, Ricardo enters 'Colombia' into where you enter your country, Ricardo clicks on button that loads the devices page], Ricardo fill devices page [Ricardo clicks on container that allows display the computer os, Ricardo enters 'Windows' then hits [ENTER] into where you enter your computer OS, Ricardo clicks on container that allows display the computer os version, Ricardo enters 'Windows 10' then hits [ENTER] into where you enter your computer OS version, Ricardo clicks on container that allows display the computer os language, Ricardo enters 'Spanish' then hits [ENTER] into where you enter your computer OS language, Ricardo clicks on container that allows display the mobile brand, Ricardo enters 'Apple' then hits [ENTER] into where you enter your mobile brand, Ricardo clicks on container that allows display the mobile model, Ricardo enters 'Iphone X' then hits [ENTER] into where you enter your mobile model, Ricardo clicks on container that allows display the mobile model, Ricardo enters 'iOS 12.0' then hits [ENTER] into where you enter your mobile model, Ricardo clicks on button that loads the last step]]
[Test worker] WARN net.thucydides.core.steps.BaseStepListener - stepFinished: current outcome:A new user correctly register in uTest:Given that the user is on the uTest singUp page [Ricardo open up utest [Ricardo opens the Utest home page, Ricardo clicks on New user register button]], When the user provides the required data in each step
| strFirstName | strLastName | strEmail | strBirthMonth | strBirthDay | strBirthYear | strCity | strZip | strCountry | strComputerOs | strOsVersion | strOsLanguage | strMobileBrand | strMobileModel | strMobileOs | strPassword |
| <random name> | <random lastname> | <random email> | June | 14 | 1999 | Neiva | 140414 | Colombia | Windows | Windows 10 | Spanish | Apple | Iphone X | iOS 12.0 | 99Secur3.test | [Ricardo fill about yourself page [Ricardo enters 'Jude' into where you enter your first name, Ricardo enters 'Will' into where you enter your last name, Ricardo enters 'saul.streich@yahoo.com' into where you enter your email, Ricardo select June on where you enter your birth month, Ricardo select 14 on where you enter your birth day, Ricardo select 1999 on where you enter your birth year, Ricardo clicks on button that loads the Location forms], Ricardo fill address page [Ricardo enters 'Neiva' into where you enter your city, Ricardo types 'ARROW_DOWN' in where you enter your city, Ricardo types 'ENTER' in where you enter your city, Ricardo enters '140414' into where you enter your zip or postal code, Ricardo clicks on Container that opens the country list, Ricardo enters 'Colombia' into where you enter your country, Ricardo clicks on button that loads the devices page], Ricardo fill devices page [Ricardo clicks on container that allows display the computer os, Ricardo enters 'Windows' then hits [ENTER] into where you enter your computer OS, Ricardo clicks on container that allows display the computer os version, Ricardo enters 'Windows 10' then hits [ENTER] into where you enter your computer OS version, Ricardo clicks on container that allows display the computer os language, Ricardo enters 'Spanish' then hits [ENTER] into where you enter your computer OS language, Ricardo clicks on container that allows display the mobile brand, Ricardo enters 'Apple' then hits [ENTER] into where you enter your mobile brand, Ricardo clicks on container that allows display the mobile model, Ricardo enters 'Iphone X' then hits [ENTER] into where you enter your mobile model, Ricardo clicks on container that allows display the mobile model, Ricardo enters 'iOS 12.0' then hits [ENTER] into where you enter your mobile model, Ricardo clicks on button that loads the last step]]
[Test worker] WARN net.thucydides.core.steps.BaseStepListener - stepStarted: net.thucydides.core.steps.ExecutedStepDescription@2fc31712
[Test worker] WARN net.thucydides.core.steps.BaseStepListener - stepStarted: net.thucydides.core.steps.ExecutedStepDescription@1f66f194
[Test worker] WARN net.thucydides.core.steps.BaseStepListener - stepFinished: current outcome:A new user correctly register in uTest:Given that the user is on the uTest singUp page [Ricardo open up utest [Ricardo opens the Utest home page, Ricardo clicks on New user register button]], When the user provides the required data in each step
| strFirstName | strLastName | strEmail | strBirthMonth | strBirthDay | strBirthYear | strCity | strZip | strCountry | strComputerOs | strOsVersion | strOsLanguage | strMobileBrand | strMobileModel | strMobileOs | strPassword |
| <random name> | <random lastname> | <random email> | June | 14 | 1999 | Neiva | 140414 | Colombia | Windows | Windows 10 | Spanish | Apple | Iphone X | iOS 12.0 | 99Secur3.test | [Ricardo fill about yourself page [Ricardo enters 'Jude' into where you enter your first name, Ricardo enters 'Will' into where you enter your last name, Ricardo enters 'saul.streich@yahoo.com' into where you enter your email, Ricardo select June on where you enter your birth month, Ricardo select 14 on where you enter your birth day, Ricardo select 1999 on where you enter your birth year, Ricardo clicks on button that loads the Location forms], Ricardo fill address page [Ricardo enters 'Neiva' into where you enter your city, Ricardo types 'ARROW_DOWN' in where you enter your city, Ricardo types 'ENTER' in where you enter your city, Ricardo enters '140414' into where you enter your zip or postal code, Ricardo clicks on Container that opens the country list, Ricardo enters 'Colombia' into where you enter your country, Ricardo clicks on button that loads the devices page], Ricardo fill devices page [Ricardo clicks on container that allows display the computer os, Ricardo enters 'Windows' then hits [ENTER] into where you enter your computer OS, Ricardo clicks on container that allows display the computer os version, Ricardo enters 'Windows 10' then hits [ENTER] into where you enter your computer OS version, Ricardo clicks on container that allows display the computer os language, Ricardo enters 'Spanish' then hits [ENTER] into where you enter your computer OS language, Ricardo clicks on container that allows display the mobile brand, Ricardo enters 'Apple' then hits [ENTER] into where you enter your mobile brand, Ricardo clicks on container that allows display the mobile model, Ricardo enters 'Iphone X' then hits [ENTER] into where you enter your mobile model, Ricardo clicks on container that allows display the mobile model, Ricardo enters 'iOS 12.0' then hits [ENTER] into where you enter your mobile model, Ricardo clicks on button that loads the last step], Ricardo fill last step page [Ricardo enters '99Secur3.test' into where you enter your password]]
[Test worker] WARN net.thucydides.core.steps.BaseStepListener - stepStarted: net.thucydides.core.steps.ExecutedStepDescription@67ff9a1e
[Test worker] WARN net.thucydides.core.steps.BaseStepListener - stepFinished: current outcome:A new user correctly register in uTest:Given that the user is on the uTest singUp page [Ricardo open up utest [Ricardo opens the Utest home page, Ricardo clicks on New user register button]], When the user provides the required data in each step
| strFirstName | strLastName | strEmail | strBirthMonth | strBirthDay | strBirthYear | strCity | strZip | strCountry | strComputerOs | strOsVersion | strOsLanguage | strMobileBrand | strMobileModel | strMobileOs | strPassword |
| <random name> | <random lastname> | <random email> | June | 14 | 1999 | Neiva | 140414 | Colombia | Windows | Windows 10 | Spanish | Apple | Iphone X | iOS 12.0 | 99Secur3.test | [Ricardo fill about yourself page [Ricardo enters 'Jude' into where you enter your first name, Ricardo enters 'Will' into where you enter your last name, Ricardo enters 'saul.streich@yahoo.com' into where you enter your email, Ricardo select June on where you enter your birth month, Ricardo select 14 on where you enter your birth day, Ricardo select 1999 on where you enter your birth year, Ricardo clicks on button that loads the Location forms], Ricardo fill address page [Ricardo enters 'Neiva' into where you enter your city, Ricardo types 'ARROW_DOWN' in where you enter your city, Ricardo types 'ENTER' in where you enter your city, Ricardo enters '140414' into where you enter your zip or postal code, Ricardo clicks on Container that opens the country list, Ricardo enters 'Colombia' into where you enter your country, Ricardo clicks on button that loads the devices page], Ricardo fill devices page [Ricardo clicks on container that allows display the computer os, Ricardo enters 'Windows' then hits [ENTER] into where you enter your computer OS, Ricardo clicks on container that allows display the computer os version, Ricardo enters 'Windows 10' then hits [ENTER] into where you enter your computer OS version, Ricardo clicks on container that allows display the computer os language, Ricardo enters 'Spanish' then hits [ENTER] into where you enter your computer OS language, Ricardo clicks on container that allows display the mobile brand, Ricardo enters 'Apple' then hits [ENTER] into where you enter your mobile brand, Ricardo clicks on container that allows display the mobile model, Ricardo enters 'Iphone X' then hits [ENTER] into where you enter your mobile model, Ricardo clicks on container that allows display the mobile model, Ricardo enters 'iOS 12.0' then hits [ENTER] into where you enter your mobile model, Ricardo clicks on button that loads the last step], Ricardo fill last step page [Ricardo enters '99Secur3.test' into where you enter your password, Ricardo enters '99Secur3.test' into where you confirm your password]]
[Test worker] WARN net.thucydides.core.steps.BaseStepListener - stepStarted: net.thucydides.core.steps.ExecutedStepDescription@1220dde9
[Test worker] WARN net.thucydides.core.steps.BaseStepListener - stepFinished: current outcome:A new user correctly register in uTest:Given that the user is on the uTest singUp page [Ricardo open up utest [Ricardo opens the Utest home page, Ricardo clicks on New user register button]], When the user provides the required data in each step
| strFirstName | strLastName | strEmail | strBirthMonth | strBirthDay | strBirthYear | strCity | strZip | strCountry | strComputerOs | strOsVersion | strOsLanguage | strMobileBrand | strMobileModel | strMobileOs | strPassword |
| <random name> | <random lastname> | <random email> | June | 14 | 1999 | Neiva | 140414 | Colombia | Windows | Windows 10 | Spanish | Apple | Iphone X | iOS 12.0 | 99Secur3.test | [Ricardo fill about yourself page [Ricardo enters 'Jude' into where you enter your first name, Ricardo enters 'Will' into where you enter your last name, Ricardo enters 'saul.streich@yahoo.com' into where you enter your email, Ricardo select June on where you enter your birth month, Ricardo select 14 on where you enter your birth day, Ricardo select 1999 on where you enter your birth year, Ricardo clicks on button that loads the Location forms], Ricardo fill address page [Ricardo enters 'Neiva' into where you enter your city, Ricardo types 'ARROW_DOWN' in where you enter your city, Ricardo types 'ENTER' in where you enter your city, Ricardo enters '140414' into where you enter your zip or postal code, Ricardo clicks on Container that opens the country list, Ricardo enters 'Colombia' into where you enter your country, Ricardo clicks on button that loads the devices page], Ricardo fill devices page [Ricardo clicks on container that allows display the computer os, Ricardo enters 'Windows' then hits [ENTER] into where you enter your computer OS, Ricardo clicks on container that allows display the computer os version, Ricardo enters 'Windows 10' then hits [ENTER] into where you enter your computer OS version, Ricardo clicks on container that allows display the computer os language, Ricardo enters 'Spanish' then hits [ENTER] into where you enter your computer OS language, Ricardo clicks on container that allows display the mobile brand, Ricardo enters 'Apple' then hits [ENTER] into where you enter your mobile brand, Ricardo clicks on container that allows display the mobile model, Ricardo enters 'Iphone X' then hits [ENTER] into where you enter your mobile model, Ricardo clicks on container that allows display the mobile model, Ricardo enters 'iOS 12.0' then hits [ENTER] into where you enter your mobile model, Ricardo clicks on button that loads the last step], Ricardo fill last step page [Ricardo enters '99Secur3.test' into where you enter your password, Ricardo enters '99Secur3.test' into where you confirm your password, Ricardo clicks on where you check to active rhe news letter option]]
[Test worker] WARN net.thucydides.core.steps.BaseStepListener - stepStarted: net.thucydides.core.steps.ExecutedStepDescription@1c07e0a6
[Test worker] WARN net.thucydides.core.steps.BaseStepListener - stepFinished: current outcome:A new user correctly register in uTest:Given that the user is on the uTest singUp page [Ricardo open up utest [Ricardo opens the Utest home page, Ricardo clicks on New user register button]], When the user provides the required data in each step
| strFirstName | strLastName | strEmail | strBirthMonth | strBirthDay | strBirthYear | strCity | strZip | strCountry | strComputerOs | strOsVersion | strOsLanguage | strMobileBrand | strMobileModel | strMobileOs | strPassword |
| <random name> | <random lastname> | <random email> | June | 14 | 1999 | Neiva | 140414 | Colombia | Windows | Windows 10 | Spanish | Apple | Iphone X | iOS 12.0 | 99Secur3.test | [Ricardo fill about yourself page [Ricardo enters 'Jude' into where you enter your first name, Ricardo enters 'Will' into where you enter your last name, Ricardo enters 'saul.streich@yahoo.com' into where you enter your email, Ricardo select June on where you enter your birth month, Ricardo select 14 on where you enter your birth day, Ricardo select 1999 on where you enter your birth year, Ricardo clicks on button that loads the Location forms], Ricardo fill address page [Ricardo enters 'Neiva' into where you enter your city, Ricardo types 'ARROW_DOWN' in where you enter your city, Ricardo types 'ENTER' in where you enter your city, Ricardo enters '140414' into where you enter your zip or postal code, Ricardo clicks on Container that opens the country list, Ricardo enters 'Colombia' into where you enter your country, Ricardo clicks on button that loads the devices page], Ricardo fill devices page [Ricardo clicks on container that allows display the computer os, Ricardo enters 'Windows' then hits [ENTER] into where you enter your computer OS, Ricardo clicks on container that allows display the computer os version, Ricardo enters 'Windows 10' then hits [ENTER] into where you enter your computer OS version, Ricardo clicks on container that allows display the computer os language, Ricardo enters 'Spanish' then hits [ENTER] into where you enter your computer OS language, Ricardo clicks on container that allows display the mobile brand, Ricardo enters 'Apple' then hits [ENTER] into where you enter your mobile brand, Ricardo clicks on container that allows display the mobile model, Ricardo enters 'Iphone X' then hits [ENTER] into where you enter your mobile model, Ricardo clicks on container that allows display the mobile model, Ricardo enters 'iOS 12.0' then hits [ENTER] into where you enter your mobile model, Ricardo clicks on button that loads the last step], Ricardo fill last step page [Ricardo enters '99Secur3.test' into where you enter your password, Ricardo enters '99Secur3.test' into where you confirm your password, Ricardo clicks on where you check to active rhe news letter option, Ricardo clicks on where you check to confirm terms of use]]
[Test worker] WARN net.thucydides.core.steps.BaseStepListener - stepStarted: net.thucydides.core.steps.ExecutedStepDescription@6792b177
[Test worker] WARN net.thucydides.core.steps.BaseStepListener - stepFinished: current outcome:A new user correctly register in uTest:Given that the user is on the uTest singUp page [Ricardo open up utest [Ricardo opens the Utest home page, Ricardo clicks on New user register button]], When the user provides the required data in each step
| strFirstName | strLastName | strEmail | strBirthMonth | strBirthDay | strBirthYear | strCity | strZip | strCountry | strComputerOs | strOsVersion | strOsLanguage | strMobileBrand | strMobileModel | strMobileOs | strPassword |
| <random name> | <random lastname> | <random email> | June | 14 | 1999 | Neiva | 140414 | Colombia | Windows | Windows 10 | Spanish | Apple | Iphone X | iOS 12.0 | 99Secur3.test | [Ricardo fill about yourself page [Ricardo enters 'Jude' into where you enter your first name, Ricardo enters 'Will' into where you enter your last name, Ricardo enters 'saul.streich@yahoo.com' into where you enter your email, Ricardo select June on where you enter your birth month, Ricardo select 14 on where you enter your birth day, Ricardo select 1999 on where you enter your birth year, Ricardo clicks on button that loads the Location forms], Ricardo fill address page [Ricardo enters 'Neiva' into where you enter your city, Ricardo types 'ARROW_DOWN' in where you enter your city, Ricardo types 'ENTER' in where you enter your city, Ricardo enters '140414' into where you enter your zip or postal code, Ricardo clicks on Container that opens the country list, Ricardo enters 'Colombia' into where you enter your country, Ricardo clicks on button that loads the devices page], Ricardo fill devices page [Ricardo clicks on container that allows display the computer os, Ricardo enters 'Windows' then hits [ENTER] into where you enter your computer OS, Ricardo clicks on container that allows display the computer os version, Ricardo enters 'Windows 10' then hits [ENTER] into where you enter your computer OS version, Ricardo clicks on container that allows display the computer os language, Ricardo enters 'Spanish' then hits [ENTER] into where you enter your computer OS language, Ricardo clicks on container that allows display the mobile brand, Ricardo enters 'Apple' then hits [ENTER] into where you enter your mobile brand, Ricardo clicks on container that allows display the mobile model, Ricardo enters 'Iphone X' then hits [ENTER] into where you enter your mobile model, Ricardo clicks on container that allows display the mobile model, Ricardo enters 'iOS 12.0' then hits [ENTER] into where you enter your mobile model, Ricardo clicks on button that loads the last step], Ricardo fill last step page [Ricardo enters '99Secur3.test' into where you enter your password, Ricardo enters '99Secur3.test' into where you confirm your password, Ricardo clicks on where you check to active rhe news letter option, Ricardo clicks on where you check to confirm terms of use, Ricardo clicks on where you check to confirm privacy and security policy]]
[Test worker] WARN net.thucydides.core.steps.BaseStepListener - stepStarted: net.thucydides.core.steps.ExecutedStepDescription@a44a8d6
[Test worker] WARN net.thucydides.core.steps.BaseStepListener - stepFinished: current outcome:A new user correctly register in uTest:Given that the user is on the uTest singUp page [Ricardo open up utest [Ricardo opens the Utest home page, Ricardo clicks on New user register button]], When the user provides the required data in each step
| strFirstName | strLastName | strEmail | strBirthMonth | strBirthDay | strBirthYear | strCity | strZip | strCountry | strComputerOs | strOsVersion | strOsLanguage | strMobileBrand | strMobileModel | strMobileOs | strPassword |
| <random name> | <random lastname> | <random email> | June | 14 | 1999 | Neiva | 140414 | Colombia | Windows | Windows 10 | Spanish | Apple | Iphone X | iOS 12.0 | 99Secur3.test | [Ricardo fill about yourself page [Ricardo enters 'Jude' into where you enter your first name, Ricardo enters 'Will' into where you enter your last name, Ricardo enters 'saul.streich@yahoo.com' into where you enter your email, Ricardo select June on where you enter your birth month, Ricardo select 14 on where you enter your birth day, Ricardo select 1999 on where you enter your birth year, Ricardo clicks on button that loads the Location forms], Ricardo fill address page [Ricardo enters 'Neiva' into where you enter your city, Ricardo types 'ARROW_DOWN' in where you enter your city, Ricardo types 'ENTER' in where you enter your city, Ricardo enters '140414' into where you enter your zip or postal code, Ricardo clicks on Container that opens the country list, Ricardo enters 'Colombia' into where you enter your country, Ricardo clicks on button that loads the devices page], Ricardo fill devices page [Ricardo clicks on container that allows display the computer os, Ricardo enters 'Windows' then hits [ENTER] into where you enter your computer OS, Ricardo clicks on container that allows display the computer os version, Ricardo enters 'Windows 10' then hits [ENTER] into where you enter your computer OS version, Ricardo clicks on container that allows display the computer os language, Ricardo enters 'Spanish' then hits [ENTER] into where you enter your computer OS language, Ricardo clicks on container that allows display the mobile brand, Ricardo enters 'Apple' then hits [ENTER] into where you enter your mobile brand, Ricardo clicks on container that allows display the mobile model, Ricardo enters 'Iphone X' then hits [ENTER] into where you enter your mobile model, Ricardo clicks on container that allows display the mobile model, Ricardo enters 'iOS 12.0' then hits [ENTER] into where you enter your mobile model, Ricardo clicks on button that loads the last step], Ricardo fill last step page [Ricardo enters '99Secur3.test' into where you enter your password, Ricardo enters '99Secur3.test' into where you confirm your password, Ricardo clicks on where you check to active rhe news letter option, Ricardo clicks on where you check to confirm terms of use, Ricardo clicks on where you check to confirm privacy and security policy, Ricardo clicks on button that sends the form information ]]
[Test worker] WARN net.thucydides.core.steps.BaseStepListener - stepFinished: current outcome:A new user correctly register in uTest:Given that the user is on the uTest singUp page [Ricardo open up utest [Ricardo opens the Utest home page, Ricardo clicks on New user register button]], When the user provides the required data in each step
| strFirstName | strLastName | strEmail | strBirthMonth | strBirthDay | strBirthYear | strCity | strZip | strCountry | strComputerOs | strOsVersion | strOsLanguage | strMobileBrand | strMobileModel | strMobileOs | strPassword |
| <random name> | <random lastname> | <random email> | June | 14 | 1999 | Neiva | 140414 | Colombia | Windows | Windows 10 | Spanish | Apple | Iphone X | iOS 12.0 | 99Secur3.test | [Ricardo fill about yourself page [Ricardo enters 'Jude' into where you enter your first name, Ricardo enters 'Will' into where you enter your last name, Ricardo enters 'saul.streich@yahoo.com' into where you enter your email, Ricardo select June on where you enter your birth month, Ricardo select 14 on where you enter your birth day, Ricardo select 1999 on where you enter your birth year, Ricardo clicks on button that loads the Location forms], Ricardo fill address page [Ricardo enters 'Neiva' into where you enter your city, Ricardo types 'ARROW_DOWN' in where you enter your city, Ricardo types 'ENTER' in where you enter your city, Ricardo enters '140414' into where you enter your zip or postal code, Ricardo clicks on Container that opens the country list, Ricardo enters 'Colombia' into where you enter your country, Ricardo clicks on button that loads the devices page], Ricardo fill devices page [Ricardo clicks on container that allows display the computer os, Ricardo enters 'Windows' then hits [ENTER] into where you enter your computer OS, Ricardo clicks on container that allows display the computer os version, Ricardo enters 'Windows 10' then hits [ENTER] into where you enter your computer OS version, Ricardo clicks on container that allows display the computer os language, Ricardo enters 'Spanish' then hits [ENTER] into where you enter your computer OS language, Ricardo clicks on container that allows display the mobile brand, Ricardo enters 'Apple' then hits [ENTER] into where you enter your mobile brand, Ricardo clicks on container that allows display the mobile model, Ricardo enters 'Iphone X' then hits [ENTER] into where you enter your mobile model, Ricardo clicks on container that allows display the mobile model, Ricardo enters 'iOS 12.0' then hits [ENTER] into where you enter your mobile model, Ricardo clicks on button that loads the last step], Ricardo fill last step page [Ricardo enters '99Secur3.test' into where you enter your password, Ricardo enters '99Secur3.test' into where you confirm your password, Ricardo clicks on where you check to active rhe news letter option, Ricardo clicks on where you check to confirm terms of
[...]
| strFirstName | strLastName | strEmail | strBirthMonth | strBirthDay | strBirthYear | strCity | strZip | strCountry | strComputerOs | strOsVersion | strOsLanguage | strMobileBrand | strMobileModel | strMobileOs | strPassword |
| <random name> | <random lastname> | <random email> | June | 14 | 1999 | Neiva | 140414 | Colombia | Windows | Windows 10 | Spanish | Apple | Iphone X | iOS 12.0 | 99Secur3.test | [Ricardo fill about yourself page [Ricardo enters 'Jude' into where you enter your first name, Ricardo enters 'Will' into where you enter your last name, Ricardo enters 'saul.streich@yahoo.com' into where you enter your email, Ricardo select June on where you enter your birth month, Ricardo select 14 on where you enter your birth day, Ricardo select 1999 on where you enter your birth year, Ricardo clicks on button that loads the Location forms], Ricardo fill address page [Ricardo enters 'Neiva' into where you enter your city, Ricardo types 'ARROW_DOWN' in where you enter your city, Ricardo types 'ENTER' in where you enter your city, Ricardo enters '140414' into where you enter your zip or postal code, Ricardo clicks on Container that opens the country list, Ricardo enters 'Colombia' into where you enter your country, Ricardo clicks on button that loads the devices page], Ricardo fill devices page [Ricardo clicks on container that allows display the computer os, Ricardo enters 'Windows' then hits [ENTER] into where you enter your computer OS, Ricardo clicks on container that allows display the computer os version, Ricardo enters 'Windows 10' then hits [ENTER] into where you enter your computer OS version, Ricardo clicks on container that allows display the computer os language, Ricardo enters 'Spanish' then hits [ENTER] into where you enter your computer OS language, Ricardo clicks on container that allows display the mobile brand, Ricardo enters 'Apple' then hits [ENTER] into where you enter your mobile brand, Ricardo clicks on container that allows display the mobile model, Ricardo enters 'Iphone X' then hits [ENTER] into where you enter your mobile model, Ricardo clicks on container that allows display the mobile model, Ricardo enters 'iOS 12.0' then hits [ENTER] into where you enter your mobile model, Ricardo clicks on button that loads the last step], Ricardo fill last step page [Ricardo enters '99Secur3.test' into where you enter your password, Ricardo enters '99Secur3.test' into where you confirm your password, Ricardo clicks on where you check to active rhe news letter option, Ricardo clicks on where you check to confirm terms of use, Ricardo clicks on where you check to confirm privacy and security policy, Ricardo clicks on button that sends the form information ]]
[Test worker] WARN net.thucydides.core.steps.BaseStepListener - stepStarted: net.thucydides.core.steps.ExecutedStepDescription@6dfa9a9d
[Test worker] WARN net.thucydides.core.steps.BaseStepListener - stepStarted: net.thucydides.core.steps.ExecutedStepDescription@161102ed
[Test worker] WARN net.thucydides.core.steps.BaseStepListener - stepFinished: current outcome:A new user correctly register in uTest:Given that the user is on the uTest singUp page [Ricardo open up utest [Ricardo opens the Utest home page, Ricardo clicks on New user register button]], When the user provides the required data in each step
| strFirstName | strLastName | strEmail | strBirthMonth | strBirthDay | strBirthYear | strCity | strZip | strCountry | strComputerOs | strOsVersion | strOsLanguage | strMobileBrand | strMobileModel | strMobileOs | strPassword |
| <random name> | <random lastname> | <random email> | June | 14 | 1999 | Neiva | 140414 | Colombia | Windows | Windows 10 | Spanish | Apple | Iphone X | iOS 12.0 | 99Secur3.test | [Ricardo fill about yourself page [Ricardo enters 'Jude' into where you enter your first name, Ricardo enters 'Will' into where you enter your last name, Ricardo enters 'saul.streich@yahoo.com' into where you enter your email, Ricardo select June on where you enter your birth month, Ricardo select 14 on where you enter your birth day, Ricardo select 1999 on where you enter your birth year, Ricardo clicks on button that loads the Location forms], Ricardo fill address page [Ricardo enters 'Neiva' into where you enter your city, Ricardo types 'ARROW_DOWN' in where you enter your city, Ricardo types 'ENTER' in where you enter your city, Ricardo enters '140414' into where you enter your zip or postal code, Ricardo clicks on Container that opens the country list, Ricardo enters 'Colombia' into where you enter your country, Ricardo clicks on button that loads the devices page], Ricardo fill devices page [Ricardo clicks on container that allows display the computer os, Ricardo enters 'Windows' then hits [ENTER] into where you enter your computer OS, Ricardo clicks on container that allows display the computer os version, Ricardo enters 'Windows 10' then hits [ENTER] into where you enter your computer OS version, Ricardo clicks on container that allows display the computer os language, Ricardo enters 'Spanish' then hits [ENTER] into where you enter your computer OS language, Ricardo clicks on container that allows display the mobile brand, Ricardo enters 'Apple' then hits [ENTER] into where you enter your mobile brand, Ricardo clicks on container that allows display the mobile model, Ricardo enters 'Iphone X' then hits [ENTER] into where you enter your mobile model, Ricardo clicks on container that allows display the mobile model, Ricardo enters 'iOS 12.0' then hits [ENTER] into where you enter your mobile model, Ricardo clicks on button that loads the last step], Ricardo fill last step page [Ricardo enters '99Secur3.test' into where you enter your password, Ricardo enters '99Secur3.test' into where you confirm your password, Ricardo clicks on where you check to active rhe news letter option, Ricardo clicks on where you check to confirm terms of use, Ricardo clicks on where you check to confirm privacy and security policy, Ricardo clicks on button that sends the form information ]], Then the welcome uTest page should display
| strWelcomeText |
| Welcome to the world's largest community of freelance software testers! | [Then answer]
[Test worker] WARN net.thucydides.core.steps.BaseStepListener - stepFinished: current outcome:A new user correctly register in uTest:Given that the user is on the uTest singUp page [Ricardo open up utest [Ricardo opens the Utest home page, Ricardo clicks on New user register button]], When the user provides the required data in each step
| strFirstName | strLastName | strEmail | strBirthMonth | strBirthDay | strBirthYear | strCity | strZip | strCountry | strComputerOs | strOsVersion | strOsLanguage | strMobileBrand | strMobileModel | strMobileOs | strPassword |
| <random name> | <random lastname> | <random email> | June | 14 | 1999 | Neiva | 140414 | Colombia | Windows | Windows 10 | Spanish | Apple | Iphone X | iOS 12.0 | 99Secur3.test | [Ricardo fill about yourself page [Ricardo enters 'Jude' into where you enter your first name, Ricardo enters 'Will' into where you enter your last name, Ricardo enters 'saul.streich@yahoo.com' into where you enter your email, Ricardo select June on where you enter your birth month, Ricardo select 14 on where you enter your birth day, Ricardo select 1999 on where you enter your birth year, Ricardo clicks on button that loads the Location forms], Ricardo fill address page [Ricardo enters 'Neiva' into where you enter your city, Ricardo types 'ARROW_DOWN' in where you enter your city, Ricardo types 'ENTER' in where you enter your city, Ricardo enters '140414' into where you enter your zip or postal code, Ricardo clicks on Container that opens the country list, Ricardo enters 'Colombia' into where you enter your country, Ricardo clicks on button that loads the devices page], Ricardo fill devices page [Ricardo clicks on container that allows display the computer os, Ricardo enters 'Windows' then hits [ENTER] into where you enter your computer OS, Ricardo clicks on container that allows display the computer os version, Ricardo enters 'Windows 10' then hits [ENTER] into where you enter your computer OS version, Ricardo clicks on container that allows display the computer os language, Ricardo enters 'Spanish' then hits [ENTER] into where you enter your computer OS language, Ricardo clicks on container that allows display the mobile brand, Ricardo enters 'Apple' then hits [ENTER] into where you enter your mobile brand, Ricardo clicks on container that allows display the mobile model, Ricardo enters 'Iphone X' then hits [ENTER] into where you enter your mobile model, Ricardo clicks on container that allows display the mobile model, Ricardo enters 'iOS 12.0' then hits [ENTER] into where you enter your mobile model, Ricardo clicks on button that loads the last step], Ricardo fill last step page [Ricardo enters '99Secur3.test' into where you enter your password, Ricardo enters '99Secur3.test' into where you confirm your password, Ricardo clicks on where you check to active rhe news letter option, Ricardo clicks on where you check to confirm terms of use, Ricardo clicks on where you check to confirm privacy and security policy, Ricardo clicks on button that sends the form information ]], Then the welcome uTest page should display
| strWelcomeText |
| Welcome to the world's largest community of freelance software testers! | [Then answer]
[Test worker] WARN net.thucydides.core.steps.BaseStepListener - testFinished: A new user correctly register in uTest:Given that the user is on the uTest singUp page [Ricardo open up utest [Ricardo opens the Utest home page, Ricardo clicks on New user register button]], When the user provides the required data in each step
| strFirstName | strLastName | strEmail | strBirthMonth | strBirthDay | strBirthYear | strCity | strZip | strCountry | strComputerOs | strOsVersion | strOsLanguage | strMobileBrand | strMobileModel | strMobileOs | strPassword |
| <random name> | <random lastname> | <random email> | June | 14 | 1999 | Neiva | 140414 | Colombia | Windows | Windows 10 | Spanish | Apple | Iphone X | iOS 12.0 | 99Secur3.test | [Ricardo fill about yourself page [Ricardo enters 'Jude' into where you enter your first name, Ricardo enters 'Will' into where you enter your last name, Ricardo enters 'saul.streich@yahoo.com' into where you enter your email, Ricardo select June on where you enter your birth month, Ricardo select 14 on where you enter your birth day, Ricardo select 1999 on where you enter your birth year, Ricardo clicks on button that loads the Location forms], Ricardo fill address page [Ricardo enters 'Neiva' into where you enter your city, Ricardo types 'ARROW_DOWN' in where you enter your city, Ricardo types 'ENTER' in where you enter your city, Ricardo enters '140414' into where you enter your zip or postal code, Ricardo clicks on Container that opens the country list, Ricardo enters 'Colombia' into where you enter your country, Ricardo clicks on button that loads the devices page], Ricardo fill devices page [Ricardo clicks on container that allows display the computer os, Ricardo enters 'Windows' then hits [ENTER] into where you enter your computer OS, Ricardo clicks on container that allows display the computer os version, Ricardo enters 'Windows 10' then hits [ENTER] into where you enter your computer OS version, Ricardo clicks on container that allows display the computer os language, Ricardo enters 'Spanish' then hits [ENTER] into where you enter your computer OS language, Ricardo clicks on container that allows display the mobile brand, Ricardo enters 'Apple' then hits [ENTER] into where you enter your mobile brand, Ricardo clicks on container that allows display the mobile model, Ricardo enters 'Iphone X' then hits [ENTER] into where you enter your mobile model, Ricardo clicks on container that allows display the mobile model, Ricardo enters 'iOS 12.0' then hits [ENTER] into where you enter your mobile model, Ricardo clicks on button that loads the last step], Ricardo fill last step page [Ricardo enters '99Secur3.test' into where you enter your password, Ricardo enters '99Secur3.test' into where you confirm your password, Ricardo clicks on where you check to active rhe news letter option, Ricardo clicks on where you check to confirm terms of use, Ricardo clicks on where you check to confirm privacy and security policy, Ricardo clicks on button that sends the form information ]], Then the welcome uTest page should display
| strWelcomeText |
| Welcome to the world's largest community of freelance software testers! | [Then answer]
[Test worker] WARN net.thucydides.core.steps.BaseStepListener - TestOutcomes: [A new user correctly register in uTest:Given that the user is on the uTest singUp page [Ricardo open up utest [Ricardo opens the Utest home page, Ricardo clicks on New user register button]], When the user provides the required data in each step
| strFirstName | strLastName | strEmail | strBirthMonth | strBirthDay | strBirthYear | strCity | strZip | strCountry | strComputerOs | strOsVersion | strOsLanguage | strMobileBrand | strMobileModel | strMobileOs | strPassword |
| <random name> | <random lastname> | <random email> | June | 14 | 1999 | Neiva | 140414 | Colombia | Windows | Windows 10 | Spanish | Apple | Iphone X | iOS 12.0 | 99Secur3.test | [Ricardo fill about yourself page [Ricardo enters 'Jude' into where you enter your first name, Ricardo enters 'Will' into where you enter your last name, Ricardo enters 'saul.streich@yahoo.com' into where you enter your email, Ricardo select June on where you enter your birth month, Ricardo select 14 on where you enter your birth day, Ricardo select 1999 on where you enter your birth year, Ricardo clicks on button that loads the Location forms], Ricardo fill address page [Ricardo enters 'Neiva' into where you enter your city, Ricardo types 'ARROW_DOWN' in where you enter your city, Ricardo types 'ENTER' in where you enter your city, Ricardo enters '140414' into where you enter your zip or postal code, Ricardo clicks on Container that opens the country list, Ricardo enters 'Colombia' into where you enter your country, Ricardo clicks on button that loads the devices page], Ricardo fill devices page [Ricardo clicks on container that allows display the computer os, Ricardo enters 'Windows' then hits [ENTER] into where you enter your computer OS, Ricardo clicks on container that allows display the computer os version, Ricardo enters 'Windows 10' then hits [ENTER] into where you enter your computer OS version, Ricardo clicks on container that allows display the computer os language, Ricardo enters 'Spanish' then hits [ENTER] into where you enter your computer OS language, Ricardo clicks on container that allows display the mobile brand, Ricardo enters 'Apple' then hits [ENTER] into where you enter your mobile brand, Ricardo clicks on container that allows display the mobile model, Ricardo enters 'Iphone X' then hits [ENTER] into where you enter your mobile model, Ricardo clicks on container that allows display the mobile model, Ricardo enters 'iOS 12.0' then hits [ENTER] into where you enter your mobile model, Ricardo clicks on button that loads the last step], Ricardo fill last step page [Ricardo enters '99Secur3.test' into where you enter your password, Ricardo enters '99Secur3.test' into where you confirm your password, Ricardo clicks on where you check to active rhe news letter option, Ricardo clicks on where you check to confirm terms of use, Ricardo clicks on where you check to confirm privacy and security policy, Ricardo clicks on button that sends the form information ]], Then the welcome uTest page should display
| strWelcomeText |
| Welcome to the world's largest community of freelance software testers! | [Then answer]]
[Test worker] WARN net.thucydides.core.steps.BaseStepListener - Final testOutcomes: [A new user correctly register in uTest:Given that the user is on the uTest singUp page [Ricardo open up utest [Ricardo opens the Utest home page, Ricardo clicks on New user register button]], When the user provides the required data in each step
| strFirstName | strLastName | strEmail | strBirthMonth | strBirthDay | strBirthYear | strCity | strZip | strCountry | strComputerOs | strOsVersion | strOsLanguage | strMobileBrand | strMobileModel | strMobileOs | strPassword |
| <random name> | <random lastname> | <random email> | June | 14 | 1999 | Neiva | 140414 | Colombia | Windows | Windows 10 | Spanish | Apple | Iphone X | iOS 12.0 | 99Secur3.test | [Ricardo fill about yourself page [Ricardo enters 'Jude' into where you enter your first name, Ricardo enters 'Will' into where you enter your last name, Ricardo enters 'saul.streich@yahoo.com' into where you enter your email, Ricardo select June on where you enter your birth month, Ricardo select 14 on where you enter your birth day, Ricardo select 1999 on where you enter your birth year, Ricardo clicks on button that loads the Location forms], Ricardo fill address page [Ricardo enters 'Neiva' into where you enter your city, Ricardo types 'ARROW_DOWN' in where you enter your city, Ricardo types 'ENTER' in where you enter your city, Ricardo enters '140414' into where you enter your zip or postal code, Ricardo clicks on Container that opens the country list, Ricardo enters 'Colombia' into where you enter your country, Ricardo clicks on button that loads the devices page], Ricardo fill devices page [Ricardo clicks on container that allows display the computer os, Ricardo enters 'Windows' then hits [ENTER] into where you enter your computer OS, Ricardo clicks on container that allows display the computer os version, Ricardo enters 'Windows 10' then hits [ENTER] into where you enter your computer OS version, Ricardo clicks on container that allows display the computer os language, Ricardo enters 'Spanish' then hits [ENTER] into where you enter your computer OS language, Ricardo clicks on container that allows display the mobile brand, Ricardo enters 'Apple' then hits [ENTER] into where you enter your mobile brand, Ricardo clicks on container that allows display the mobile model, Ricardo enters 'Iphone X' then hits [ENTER] into where you enter your mobile model, Ricardo clicks on container that allows display the mobile model, Ricardo enters 'iOS 12.0' then hits [ENTER] into where you enter your mobile model, Ricardo clicks on button that loads the last step], Ricardo fill last step page [Ricardo enters '99Secur3.test' into where you enter your password, Ricardo enters '99Secur3.test' into where you confirm your password, Ricardo clicks on where you check to active rhe news letter option, Ricardo clicks on where you check to confirm terms of use, Ricardo clicks on where you check to confirm privacy and security policy, Ricardo clicks on button that sends the form information ]], Then the welcome uTest page should display
| strWelcomeText |
| Welcome to the world's largest community of freelance software testers! | [Then answer]]
[Test worker] INFO net.thucydides.core.steps.ConsoleLoggingListener - 
        __    _____ _____ ____ _____   ____   _    ____  ____  _____ ____  
  _     \ \  |_   _| ____/ ___|_   _| |  _ \ / \  / ___|/ ___|| ____|  _ \ 
 (_)_____| |   | | |  _| \___ \ | |   | |_) / _ \ \___ \\___ \|  _| | | | |
  _|_____| |   | | | |___ ___) || |   |  __/ ___ \ ___) |___) | |___| |_| |
 (_)     | |   |_| |_____|____/ |_|   |_| /_/   \_\____/|____/|_____|____/ 
        /_/                                                                

TEST PASSED: A new user correctly register in uTest
----------------------------------------------------------------------------
]]></system-err>
</testsuite>
